
Showing logs for build [32mcb-kubecd-environment-pr-1412-6-2cmgn-1[0m stage [32mfrom-build-pack[0m and container [32mstep-credential-initializer-tkw2g[0m
{"level":"info","ts":1587388191.929142,"logger":"fallback-logger","caller":"logging/config.go:69","msg":"Fetch GitHub commit ID from kodata failed: open /var/run/ko/refs/heads/0.8.0-ns-support: no such file or directory"}
{"level":"info","ts":1587388191.9297855,"logger":"fallback-logger","caller":"creds-init/main.go:40","msg":"Credentials initialized."}

Showing logs for build [32mcb-kubecd-environment-pr-1412-6-2cmgn-1[0m stage [32mfrom-build-pack[0m and container [32mstep-working-dir-initializer-7cddw[0m
{"level":"info","ts":1587388192.9165907,"logger":"fallback-logger","caller":"logging/config.go:69","msg":"Fetch GitHub commit ID from kodata failed: open /var/run/ko/HEAD: no such file or directory"}
{"level":"info","ts":1587388192.9179251,"logger":"fallback-logger","caller":"bash/main.go:64","msg":"Successfully executed command \"sh -c mkdir -p /workspace/source\"; output "}

Showing logs for build [32mcb-kubecd-environment-pr-1412-6-2cmgn-1[0m stage [32mfrom-build-pack[0m and container [32mstep-place-tools[0m

Showing logs for build [32mcb-kubecd-environment-pr-1412-6-2cmgn-1[0m stage [32mfrom-build-pack[0m and container [32mstep-git-source-cb-kubecd-environment-pr-1412-6-2cmgn-gb7nz[0m
{"level":"info","ts":1587388197.0431166,"logger":"fallback-logger","caller":"logging/config.go:69","msg":"Fetch GitHub commit ID from kodata failed: open /var/run/ko/refs/heads/0.8.0-ns-support: no such file or directory"}
{"level":"info","ts":1587388198.0451999,"logger":"fallback-logger","caller":"git/git.go:103","msg":"Successfully cloned https://github.com/cb-kubecd/environment-pr-1412-6-bdd-frontend-staging.git @ master in path /workspace/source"}

Showing logs for build [32mcb-kubecd-environment-pr-1412-6-2cmgn-1[0m stage [32mfrom-build-pack[0m and container [32mstep-git-merge[0m
Using SHAs from PULL_REFS=master:507b5918e6fa2df9daf4a6f35bc4fd285c0214fe,1:a220238682491c8f5692861519a58ac3c80cd7fb
DEBUG: LC_ALL=C JX_LOG_LEVEL=error git fetch origin --unshallow a220238682491c8f5692861519a58ac3c80cd7fb: 507b5918e6fa2df9daf4a6f35bc4fd285c0214fe:
DEBUG: ran git fetch --unshallow origin a220238682491c8f5692861519a58ac3c80cd7fb: 507b5918e6fa2df9daf4a6f35bc4fd285c0214fe: in 
DEBUG: LC_ALL=C JX_LOG_LEVEL=error git branch
DEBUG: LC_ALL=C JX_LOG_LEVEL=error git checkout master
DEBUG: ran git checkout master in 
DEBUG: LC_ALL=C JX_LOG_LEVEL=error git reset --hard 507b5918e6fa2df9daf4a6f35bc4fd285c0214fe
DEBUG: ran git reset --hard 507b5918e6fa2df9daf4a6f35bc4fd285c0214fe in 
DEBUG: LC_ALL=C JX_LOG_LEVEL=error git clean -fd .
DEBUG: ran clean --force -d . in 
DEBUG: LC_ALL=C JX_LOG_LEVEL=error git merge a220238682491c8f5692861519a58ac3c80cd7fb
DEBUG: ran git merge a220238682491c8f5692861519a58ac3c80cd7fb in 
DEBUG: LC_ALL=C JX_LOG_LEVEL=error git log --format=%H%x1f%an%x1f%ae%x1f%cn%x1f%ce%x1f%s%n%b%x1e 507b5918e6fa2df9daf4a6f35bc4fd285c0214fe..HEAD
Merged SHA a220238682491c8f5692861519a58ac3c80cd7fb with commit message 'chore: Promote bdd-nh-1587387125 to version 0.0.1' into base branch master

Showing logs for build [32mcb-kubecd-environment-pr-1412-6-2cmgn-1[0m stage [32mfrom-build-pack[0m and container [32mstep-build-helm-build[0m
WARNING: No $CHART_REPOSITORY defined so using the default value of: http://jenkins-x-chartmuseum:8080
Adding missing Helm repo: storage.googleapis.com https://storage.googleapis.com/chartmuseum.jenkins-x.io
WARNING: No secrets found on "helm/repos" due: reading the secret "helm/repos" from vault: no secret "helm/repos" not found in vault
Read credentials for https://storage.googleapis.com/chartmuseum.jenkins-x.io from vault helm/repos
Successfully added Helm repository storage.googleapis.com.
Adding missing Helm repo: jenkins-x-chartmuseum http://jenkins-x-chartmuseum:8080
WARNING: No secrets found on "helm/repos" due: reading the secret "helm/repos" from vault: no secret "helm/repos" not found in vault
Read credentials for http://jenkins-x-chartmuseum:8080 from vault helm/repos
Successfully added Helm repository jenkins-x-chartmuseum.
WARNING: No $CHART_REPOSITORY defined so using the default value of: http://jenkins-x-chartmuseum:8080
Adding missing Helm repo: chartmuseum.jenkins-x.io http://chartmuseum.jenkins-x.io
WARNING: No secrets found on "helm/repos" due: reading the secret "helm/repos" from vault: no secret "helm/repos" not found in vault
Read credentials for http://chartmuseum.jenkins-x.io from vault helm/repos
Successfully added Helm repository chartmuseum.jenkins-x.io.
